[   .0000] Initalzing croup subsys cpuset
[    0.000000] Initializing cgroup subsys cpu
[    0.000000] Initializing cgroup subsys cpuacct
[    0.000000] Linux version 4.4.0-135-generic (buildd@lcy01-amd64-020) (gcc version 5.4.0 20160609 (Ubuntu 5.4.0-6ubuntu1~16.04.10) ) #161-Ubuntu SMP Mon Aug 27 10:45:01 UTC 2018 (Ubuntu 4.4.0-135.161-generic 4.4.140)
[    0.000000] Command line: BOOT_IMAGE=/boot/vmlinuz-4.4.0-135-generic root=LABEL=cloudimg-rootfs ro console=tty1 console=ttyS0
[    0.000000] KERNEL supported cpus:
[    0.000000]   Intel GenuineIntel
[    0.000000]   AMD AuthenticAMD
[    0.000000]   Centaur CentaurHauls
[    0.0000] x86/fp: Legacy x7 FPU detcted
[   .00000 e82 BIOS-prvied phycal RAmap:[    0.000000 BIOS-e80: [mem 0x000000000000000-0x000000009fbff] usab
[  0.00000] BIOS-e820 [mem 0000000009fc0-0x00000000009ffff] reserd
[  0.0000] BI-e820: [mem 0x00000000000f0000-0x00000000000fffff] reserved
[    0.000000] BIOS-e820: [mem 0x0000000000100000-0x000000003ffeffff] usable
[    0.000000] BIOS-e820: [mem 0x000000003fff0000-0x000000003fffffff] ACPI data
[    0.000000] BIOS-e820: [mem 0x0000000fec00000-0x000000fec00fff] reserved
[    0.0000] BIOS-e820: [mem 0x00000000fee00000-0x00000000fee00fff] reserved
[    0.000000] BIOS-e820: [mem 0x00000000fffc0000-0x00000000ffffffff] reserved
[    0.000000] NX (Execute Disable) protection: active
[  .00000 SMBS 2.5 prent.[    0.00000] Hyerisor detected: KVM
[    0.000000] e820: last_pfn = 0x3fff0 max_arch_pfn = 0x400000000
[    0.000000] MTRR: Disabled
[    0.000000] x86/PAT: MTRRs disabled, skipping PAT initialization too.
[    0.000000] CPU MTRRs all blank - virtualized system.
[    0.000000] x86/PAT: Configuration [0-7]: WB  WT  UC- UC  WB  WT  UC- UC  
[    0.000000] found SMP MP-table at [mem 0x0009fff0-0x0009ffff] mapped at [ffff88000009fff0]
[    0.000000] Scanning 1 areas for low memory corruption
[    0.000000] RAMDISK: [mem 0x36308000-0x3717bfff]
[    0.000000] ACPI: Early table checksum verification disabled
[    0.000000] ACPI: RSDP 0x00000000000E0000 000024 (v02 VBOX  )
[    0.000000] ACPI: XSDT 0x000000003FFF0030 00003C (v01 VBOX   VBOXXSDT 00000001 ASL  00000061)
[    0.000000] ACPI: FACP 0x000000003FFF00F0 0000F4 (v04 VBOX   VBOXFACP 00000001 ASL  00000061)
[    0.000000] ACPI: DSDT 0x000000003FFF0470 0021FF (v02 VBOX   VBOXBIOS 00000002 INTL 20180105)
[    0.000000] ACPI: FACS 0x000000003FFF0200 000040
[    0.000000] ACPI: FACS 0x000000003FFF0200 000040
[    0.000000] ACPI: APIC 0x000000003FFF0240 00005C (v02 VBOX   VBOXAPIC 00000001 ASL  00000061)
[    0.000000] ACPI: SSDT 0x000000003FFF02A0 0001CC (v01 VBOX   VBOXCPUT 00000002 INTL 20180105)
[    0.000000] No NUMA configuration found
[    0.000000] Faking a node at [mem 0x0000000000000000-0x000000003ffeffff]
[    0.000000] NODE_DATA(0) allocated [mem 0x3ffeb000-0x3ffeffff]
[    0.000000] kvm-clock: Using msrs 4b564d01 and 4b564d00
[    0.000000] kvm-clock: cp0, msr 0:3ffe3001, primary cpu clock
[    0.000000] kvm-clock: using sched offset of 3685418475 cycles
[    0.000000] clocksource: km-lock: mask: 0xffffffffffffffff max_cycles: 0x1cd42e4dffb, max_idle_ns: 881590591483 ns
[    0.000000] Zone ranges:
[    0.000000]   DMA      [mem 0x0000000000001000-0x0000000000ffffff]
[    0.000000]   DMA32    [mem 0x0000000001000000-0x000000003ffeffff]
[    0.000000]   Normal   empty
[    0.000000]   Device   empty
[    0.000000] Movable zone start for each node
[    0.000000] Early memory node ranges
[    0.000000]   node   0: [mem 0x0000000000001000-0x000000000009efff]
[    0.000000]   node   0: [mem 0x0000000000100000-0x000000003ffeffff]
[    0.000000] Initmem setup node 0 [mem 0x0000000000001000-0x000000003ffeffff]
[    0.000000] ACPI: PM-Timer IO Port: 0x4008
[    0.000000] IOAPIC[0]: apic_id 2, version 32, address 0xfec00000, GSI 0-23
[    0.000000] ACPI: INT_SRC_OVR (bus 0 bus_irq 0 global_irq 2 dfl dfl)
[    0.000000] ACPI: INT_SRC_OVR (bus 0 bus_irq 9 global_irq 9 low level)
[    0.000000] Using ACPI (MADT) for SMP configuration information
[    0.00000] smpboot: Allowing 2 CPUs, 0 hotplug CPUs
[    0.000000] PM: Registered nosave memory: [mem 0x00000000-0x00000fff]
[    0.000000] PM: Registered nosave memory: [mem 0x0009f000-0x0009ffff]
[    0.000000] PM: Registered nosave memory: [mem 0x000a0000-0x000effff]
[    0.000000] PM: Registered nosave memory: [mem 0x000f0000-0x000fffff]
[    0.000000] e820: [mem 0x40000000-0xfebfffff] available for PCI devices
[    0.000000] Booting paravirtualized kernel on KVM
[    0.000000] clocksource: refined-jiffies: mask: 0xffffffff max_cycles: 0xffffffff, max_idle_ns: 7645519600211568 ns
[    0.000000] setup_percpu: NR_CPUS:512 nr_cpumask_bits:512 nr_cpu_ids:2 nr_node_ids:1
[    0.000000] PERCPU: Embedded 34 pages/cpu @ffff88003fc00000 s99544 r8192 d31528 u1048576
[    0.000000] PV qspinlock hash table entries: 256 (order: 0, 4096 bytes)
[    0.000000] Built 1 zonelists in Node order, mobility grouping on.  Total pages: 257912
[    0.000000] Policy zone: DMA32
[    0.000000] Kernel command line: BOOT_IMAGE=/boot/vmlinuz-4.4.0-135-generic root=LABEL=cloudimg-rootfs ro console=tty1 console=ttyS0
[    0.000000] PID hash table entries: 4096 (order: 3, 32768 bytes)
[    0.000000] Memory: 997716K/1048120K available (8554K kernel code, 1314K rwdata, 4004K rodata, 1516K init, 1316K bss, 50404K reserved, 0K cma-reserved)
[    0.000000] SLUB: HWalign=64, Order=0-3, MinObjects=0, CPUs=2, Nodes=1
[    0.000000] Kernel/User page tables isolation: enabled
[    0.000000] Hierarchical RCU implementation.
[    0.000000] 	Build-time adjustment of leaf fanout to 64.
[    0.000000] 	RCU restricting CPUs from NR_CPUS=512 to nr_cpu_ids=2.
[    0.000000] RCU: Adjusting geometry for rcu_fanout_leaf=64, nr_cpu_ids=2
[    0.000000] NR_IRQS:33024 nr_irqs:440 16
[    0.000000] Console: colour VGA+ 80x25
[    0.000000] console [tty1] enabled
[    0.000000] console [ttyS0] enabled
[    0.000000] tsc: Detected 2260.998 MHz processor
[    2.900506] Calibrating delay loop (skipped) preset value.. 4521.99 BogoMIPS (lpj=9043992)
[    2.903528] pid_max: default: 32768 minimum: 301
[    2.905113] ACPI: Core revision 20150930
[    2.909604] ACPI: 2 ACPI AML tables successfully acquired and loaded
[    2.913134] Security Framework initialized
[    2.916367] Yama: becoming mindful.
[    2.920306] AppArmor: AppArmor initialized
[    2.922967] Dentry cache hash table entries: 131072 (order: 8, 1048576 bytes)
[    2.930473] Inode-cache hash table entries: 65536 (order: 7, 524288 bytes)
[    2.940039] Mount-cache hash table entries: 2048 (order: 2, 16384 bytes)
[    2.943567] Mountpoint-cache hash table entries: 2048 (order: 2, 16384 bytes)
[    2.949098] Initializing cgroup subsys io
[    2.952031] Initializing cgroup subsys memory
[    2.956193] Initializing cgroup subsys devices
[    2.960321] Initializing cgroup subsys freezer
[    2.962919] Initializing cgroup subsys net_cls
[    2.968378] Initializing cgroup subsys perf_event
[    2.972454] Initializing cgroup subsys net_prio
[    2.976490] Initializing cgroup subsys hugetlb
[    2.980522] Initializing cgroup subsys pids
[    2.983215] mce: CPU supports 0 MCE banks
[    2.988565] Last level iTLB entries: 4KB 512, 2MB 7, 4MB 7
[    2.992038] Last level dTLB entries: 4KB 512, 2MB 32, 4MB 32, 1GB 0
[    2.994147] Spectre V2 : Mitigation: Full generic retpoline
[    2.996034] Spectre V2 : Speculation control IBPB not-supported IBRS not-supported
[    3.000767] Speculative Store Bypass: Vulnerable
[    3.007540] Freeing SMP alternatives memory: 32K
[    3.024374] ftrace: allocating 32266 entries in 127 pages
[    3.104130] smpboot: APIC(0) Converting physical 0 to logical package 0
[    3.115366] smpboot: Max logical packages: 1
[    3.120370] x2apic enabled
[    3.142528] Switched APIC routing to physical x2apic.
[    3.148408] ..TIMER: vector=0x30 apic1=0 pin1=2 apic2=-1 pin2=-1
[    3.258594] smpboot: CPU0: Intel(R) Core(TM) i3 CPU       M 350  @ 2.27GHz (family: 0x6, model: 0x25, stepping: 0x5)
[    3.269371] Performance Events: unsupported p6 CPU model 37 no PMU driver, software events only.
[    3.276330] KVM setup paravirtual spinlock
[    3.281275] x86: Booting SMP configuration:
[    3.283897] .... node  #0, CPUs:      #1
[    3.288524] kvm-clock: cpu 1, msr 0:3ffe3041, secondary cpu clock
[    3.332299] mce: CPU supports 0 MCE banks
[    3.335312] x86: Booted up 1 node, 2 CPUs
[    3.368720] smpboot: Total of 2 processors activated (9043.99 BogoMIPS)
[    3.436168] devtmpfs: initialized
[    3.471287] evm: security.selinux
[    3.540536] evm: security.SMACK64
[    3.633929] evm: security.SMACK64EXEC
[    3.732355] evm: security.SMACK64TRANSMUTE
[    3.834176] evm: security.SMACK64MMAP
[    3.928324] evm: security.ima
[    4.015988] evm: security.capability
[    4.092647] clocksource: jiffies: mask: 0xffffffff max_cycles: 0xffffffff, max_idle_ns: 7645041785100000 ns
[    4.099760] futex hash table entries: 512 (order: 3, 32768 bytes)
[    4.101431] pinctrl core: initialized pinctrl subsystem
[    4.222768] RTC time:  9:40:29, date: 09/26/18
[    4.261166] NET: Registered protocol family 16
[    4.285697] cpuidle: using governor ladder
[    4.302810] cpuidle: using governor menu
[    4.334976] PCCT header not found.
[    4.379595] ACPI: bus type PCI registered
[    4.403350] acpiphp: ACPI Hot Plug PCI Controller Driver version: 0.5
[    4.539549] PCI: Using configuration type 1 for base access
[    4.556813] ACPI: Added _OSI(Module Device)
[    4.602501] ACPI: Added _OSI(Processor Device)
[    4.605166] ACPI: Added _OSI(3.0 _SCP Extensions)
[    4.609299] ACPI: Added _OSI(Processor Aggregator Device)
[    4.613467] ACPI: Executed 1 blocks of module-level executable AML code
[    4.623439] ACPI: Interpreter enabled
[    4.625990] ACPI: (supports S0 S5)
[    4.628328] ACPI: Using IOAPIC for interrupt routing
[    4.632867] PCI: Using host bridge windows from ACPI; if necessary, use "pci=nocrs" and report a bug
[    4.643386] ACPI: PCI Root Bridge [PCI0] (domain 0000 [bus 00-ff])
[    4.653160] acpi PNP0A03:00: _OSC: OS supports [ASPM ClockPM Segments MSI]
[    4.657501] acpi PNP0A03:00: _OSC: not requesting OS control; OS requires [ExtendedConfig ASPM ClockPM MSI]
[    4.661940] acpi PNP0A03:00: fail to add MMCONFIG information, can't access extended PCI configuration space under this bridge.
[    4.667205] PCI host bridge to bus 0000:00
[    4.672178] pci_bus 0000:00: root bus resource [io  0x0000-0x0cf7 window]
[    4.677009] pci_bus 0000:00: root bus resource [io  0x0d00-0xffff window]
[    4.681091] pci_bus 0000:00: root bus resource [mem 0x000a0000-0x000bffff window]
[    4.684810] pci_bus 0000:00: root bus resource [mem 0x40000000-0xfdffffff window]
[    4.689630] pci_bus 0000:00: root bus resource [bus 00-ff]
[    4.694929] pci 0000:00:01.1: legacy IDE quirk: reg 0x10: [io  0x01f0-0x01f7]
[    4.698334] pci 0000:00:01.1: legacy IDE quirk: reg 0x14: [io  0x03f6]
[    4.701652] pci 0000:00:01.1: legacy IDE quirk: reg 0x18: [io  0x0170-0x0177]
[    4.705435] pci 0000:00:01.1: legacy IDE quirk: reg 0x1c: [io  0x0376]
[    4.746178] pci 0000:00:07.0: quirk: [io  0x4000-0x403f] claimed by PIIX4 ACPI
[    4.755548] pci 0000:00:07.0: quirk: [io  0x4100-0x410f] claimed by PIIX4 SMB
[    4.774959] ACPI: PCI Interrupt Link [LNKA] (IRQs 5 9 10 *11)
[    4.788423] ACPI: PCI Interrupt Link [LNKB] (IRQs 5 9 *10 11)
[    4.802180] ACPI: PCI Interrupt Link [LNKC] (IRQs 5 *9 10 11)
[    4.812422] ACPI: PCI Interrupt Link [LNKD] (IRQs 5 9 10 *11)
[    4.815113] ACPI: Enabled 2 GPEs in block 00 to 07
[    4.834300] vgaarb: setting as boot device: PCI:0000:00:02.0
[    4.837314] vgaarb: device added: PCI:0000:00:02.0,decodes=io+mem,owns=io+mem,locks=none
[    4.841772] vgaarb: loaded
[    4.843951] vgaarb: bridge control possible 0000:00:02.0
[    4.849057] SCSI subsystem initialized
[    4.856405] ACPI: bus type USB registered
[    4.860535] usbcore: registered new interface driver usbfs
[    4.862386] usbcore: registered new interface driver hub
[    4.865308] usbcore: registered new device driver usb
[    4.868736] PCI: Using ACPI for IRQ routing
[    4.878468] NetLabel: Initializing
[    4.880833] NetLabel:  domain hash size = 128
[    4.991342] NetLabel:  protocols = UNLABELED CIPSOv4
[    5.023889] NetLabel:  unlabeled traffic allowed by default
[    5.031469] amd_nb: Cannot enumerate AMD northbridges
[    5.036549] clocksource: Switched to clocksource kvm-clock
[    5.051197] AppArmor: AppArmor Filesystem Enabled
[   .0289]pn: nPACPI init
[   .365] np: PnPAC: un3 vis
[    5.854067] clocksource: acpi_pm: mask: 0xffffff max_cycles: 0xffffff, max_idle_ns: 2085701024 ns
[    6.013984] NET: Registered protocol family 2
[    6.023084] TCP established hash table entries: 8192 (order: 4, 65536 bytes)
[    6.027294] TCP bind hash table entries: 8192 (order: 5, 131072 bytes)
[    6.522187] TCP: Hash tables configured (established 8192 bind 8192)
[    6.529564] UDP hash table entries: 512 (order: 2, 16384 bytes)
[    6.533251] UDP-Lite hash table entries: 512 (order: 2, 16384 bytes)
[    6.555113] NET: Registered protocol family 1
[    6.625836] pci 0000:00:00.0: Limiting direct PCI/PCI transfers
[    6.627267] pci 0000:00:01.0: Activating ISA DMA hang workarounds
[    6.633204] Unpacking initramfs...
[    6.960298] Freeing initrd memory: 14800K
[    6.983043] platform rtc_cmos: registered platform RTC device (no PNP device found)
[    6.987727] Scanning for low memory corruption every 60 seconds
[    6.994032] audit: initializing netlink subsys (disabled)
[    6.998864] audit: type=2000 audit(1537954833.465:1): initialized
[    7.003714] Initialise system trusted keyring
[    7.011026] HugeTLB registered 2 MB page size, pre-allocated 0 pages
[    7.025037] zbud: loaded
[    7.034505] VFS: Disk quotas dquot_6.6.0
[    7.042869] VFS: Dquot-cache hash table entries: 512 (order 0, 4096 bytes)
[    7.047580] squashfs: version 4.0 (2009/01/31) Phillip Lougher
[    7.053908] fuse init (API version 7.23)
[    7.058607] Key type big_key registered
[    7.062711] Allocating IMA MOK and blacklist keyrings.
[    7.066575] Key type asymmetric registered
[    7.070531] Asymmetric key parser 'x509' registered
[    7.082674] Block layer SCSI generic (bsg) driver version 0.4 loaded (major 249)
[    7.094230] io scheduler noop registered
[    7.102794] io scheduler deadline registered (default)
[    7.106805] io scheduler cfq registered
[    7.112932] pci_hotplug: PCI Hot Plug PCI Core version: 0.5
[    7.190392] pciehp: PCI Express Hot Plug Controller Driver version: 0.4
[    7.199409] ACPI: AC Adapter [AC] (off-line)
[    7.202614] input: Power Button as /devices/LNXSYSTM:00/LNXPWRBN:00/input/input0
[    7.214083] ACPI: Power Button [PWRF]
[    7.222798] input: Sleep Button as /devices/LNXSYSTM:00/LNXSLPBN:00/input/input1
[    7.382384] ACPI: Sleep Button [SLPF]
[    7.384127] GHES: HEST is not enabled!
[    7.385135] ACPI: Battery Slot [BAT0] (battery present)
[    7.394608] Serial: 8250/16550 driver, 32 ports, IRQ sharing enabled
[    7.426061] 00:02: ttyS0 at I/O 0x3f8 (irq = 4, base_baud = 115200) is a 16550A
[    7.433319] Linux agpgart interface v0.103
[    7.445797] loop: module loaded
[    7.455399] scsi host0: ata_piix
[    7.463069] scsi host1: ata_piix
[    7.464400] ata1: PATA max UDMA/33 cmd 0x1f0 ctl 0x3f6 bmdma 0xd000 irq 14
[    7.466640] ata2: PATA max UDMA/33 cmd 0x170 ctl 0x376 bmdma 0xd008 irq 15
[    7.468902] libphy: Fixed MDIO Bus: probed
[    7.470601] tun: Universal TUN/TAP device driver, 1.6
[    7.478715] tun: (C) 1999-2004 Max Krasnyansky <maxk@qualcomm.com>
[    7.483406] PPP generic driver version 2.4.2
[    7.490606] ehci_hcd: USB 2.0 'Enhanced' Host Controller (EHCI) Driver
[    7.503106] ehci-pci: EHCI PCI platform driver
[    7.513039] ehci-platform: EHCI generic platform driver
[    7.523125] ohci_hcd: USB 1.1 'Open' Host Controller (OHCI) Driver
[    7.526977] ohci-pci: OHCI PCI platform driver
[    7.532924] ohci-platform: OHCI generic platform driver
[    7.549796] uhci_hcd: USB Universal Host Controller Interface driver
[    7.562058] i8042: PNP: PS/2 Controller [PNP0303:PS2K,PNP0f03:PS2M] at 0x60,0x64 irq 1,12
[    7.587343] serio: i8042 KBD port at 0x60,0x64 irq 1
[    7.592593] serio: i8042 AUX port at 0x60,0x64 irq 12
[    7.594049] mousedev: PS/2 mouse device common for all mice
[    7.596079] input: AT Translated Set 2 keyboard as /devices/platform/i8042/serio0/input/input2
[    7.603527] rtc_cmos rtc_cmos: rtc core: registered rtc_cmos as rtc0
[    7.606610] rtc_cmos rtc_cmos: alarms up to one day, 114 bytes nvram
[    7.673073] i2c /dev entries driver
[    7.737998] device-mapper: uevent: version 1.0.3
[    7.742992] device-mapper: ioctl: 4.34.0-ioctl (2015-10-28) initialised: dm-devel@redhat.com
[    8.242191] tsc: Refined TSC clocksource calibration: 2260.982 MHz
[    8.253510] clocksource: tsc: mask: 0xffffffffffffffff max_cycles: 0x20973a39a93, max_idle_ns: 440795265865 ns
[    8.253629] ledtrig-cpu: registered to indicate activity on CPUs
[    8.254131] NET: Registered protocol family 10
[    8.254466] NET: Registered protocol family 17
[    8.254488] Key type dns_resolver registered
[    8.261776] registered taskstats version 1
[    8.261793] Loading compiled-in X.509 certificates
[    8.262919] Loaded X.509 cert 'Build time autogenerated kernel key: b7189ebc996fd79c52efc1226b6676b25e4f6a2d'
[    8.262949] zswap: loaded using pool lzo/zbud
[    8.304359] Key type trusted registered
[    8.310291] Key type encrypted registered
[    8.310301] AppArmor: AppArmor sha1 policy hashing enabled
[    8.310305] ima: No TPM chip found, activating TPM-bypass!
[    8.310317] ima: Allocated hash algorithm: sha1
[    8.310360] evm: HMAC attrs: 0x1
[    8.310887]   Magic number: 2:60:678
[    8.373452] rtc_cmos rtc_cmos: setting system clock to 2018-09-26 09:40:34 UTC (1537954834)
[    8.373722] BIOS EDD facility v0.16 2004-Jun-25, 0 devices found
[    8.373722] EDD information not available.
[    8.446878] Freeing unused kernel memory: 1516K
[    8.468832] Write protecting the kernel read-only data: 14336k
[    8.475926] Freeing unused kernel memory: 1672K
[    8.661785] Freeing unused kernel memory: 92K
Loading, please wait...
starting version[    8.695500] random: systemd-udevd: uninitialized urandom read (16 bytes read, 4 bits of entropy available)
 229
[    8.696626] random: udevadm: uninitialized urandom read (16 bytes read, 4 bits of entropy available)
[    8.696678] random: udevadm: uninitialized urandom read (16 bytes read, 4 bits of entropy available)
[    8.717854] random: udevadm: uninitialized urandom read (16 bytes read, 4 bits of entropy available)
[    8.717938] random: udevadm: uninitialized urandom read (16 bytes read, 4 bits of entropy available)
[    8.718238] random: udevadm: uninitialized urandom read (16 bytes read, 4 bits of entropy available)
[    8.718361] random: udevadm: uninitialized urandom read (16 bytes read, 4 bits of entropy available)
[    8.718484] random: udevadm: uninitialized urandom read (16 bytes read, 4 bits of entropy available)
[    8.718602] random: udevadm: uninitialized urandom read (16 bytes read, 4 bits of entropy available)
[    8.718721] random: udevadm: uninitialized urandom read (16 bytes read, 4 bits of entropy available)
[    9.260721] Fusion MPT base driver 3.04.20
[    9.290241] Copyright (c) 1999-2008 LSI Corporation
[    9.308129] e1000: Intel(R) PRO/1000 Network Driver - version 7.3.21-k8-NAPI
[    9.326853] e1000: Copyright (c) 1999-2006 Intel Corporation.
[    9.369959] Fusion MPT SPI Host driver 3.04.20
[    9.522943] input: ImExPS/2 Generic Explorer Mouse as /devices/platform/i8042/serio1/input/input4
[    9.758426] e1000 0000:00:03.0 eth0: (PCI:33MHz:32-bit) 02:09:ed:a5:b0:a8
[    9.766071] e1000 0000:00:03.0 eth0: Intel(R) PRO/1000 Network Connection
[    9.775324] e1000 0000:00:03.0 enp0s3: renamed from eth0
[    9.783588] mptbase: ioc0: Initiating bringup
[    9.849260] ioc0: LSI53C1030 A0: Capabilities={Initiator}
[   10.045682] scsi host2: ioc0: LSI53C1030 A0, FwRev=00000000h, Ports=1, MaxQ=256, IRQ=20
[   10.173788] scsi 2:0:0:0: Direct-Access     VBOX     HARDDISK         1.0  PQ: 0 ANSI: 5
[   10.203739] scsi target2:0:0: Beginning Domain Validation
[   10.208117] scsi target2:0:0: Domain Validation skipping write tests
[   10.211314] scsi target2:0:0: Ending Domain Validation
[   10.214303] scsi target2:0:0: asynchronous
[   10.218707] scsi 2:0:1:0: Direct-Access     VBOX     HARDDISK         1.0  PQ: 0 ANSI: 5
[   10.234380] scsi target2:0:1: Beginning Domain Validation
[   10.237860] scsi target2:0:1: Domain Validation skipping write tests
[   10.307015] scsi target2:0:1: Ending Domain Validation
[   10.364889] scsi target2:0:1: asynchronous
[   10.376352] sd 2:0:0:0: [sda] 20971520 512-byte logical blocks: (10.7 GB/10.0 GiB)
[   10.386672] sd 2:0:0:0: Attached scsi generic sg0 type 0
[   10.389192] sd 2:0:1:0: [sdb] 20480 512-byte logical blocks: (10.5 MB/10.0 MiB)
[   10.393608] sd 2:0:1:0: Attached scsi generic sg1 type 0
[   10.393802] sd 2:0:0:0: [sda] Write Protect is off
[   10.399397] sd 2:0:0:0: [sda] Incomplete mode parameter data
[   10.399493] sd 2:0:1:0: [sdb] Write Protect is off
[   10.399645] sd 2:0:1:0: [sdb] Incomplete mode parameter data
[   10.399647] sd 2:0:1:0: [sdb] Assuming drive cache: write through
[   10.409665] sd 2:0:1:0: [sdb] Attached SCSI disk
[   10.552038] sd 2:0:0:0: [sda] Assuming drive cache: write through
[   10.558001]  sda: sda1
[   10.564380] sd 2:0:0:0: [sda] Attached SCSI disk
Begin: Loading e[   12.131149] md: linear personality registered for level -1
ssential drivers ... [   12.170800] md: multipath personality registered for level -4
[   12.199667] md: raid0 personality registered for level 0
[   12.264116] md: raid1 personality registered for level 1
[   12.380620] raid6: sse2x1   gen()  4286 MB/s
[   12.468635] raid6: sse2x1   xor()  4249 MB/s
[   12.540604] raid6: sse2x2   gen()  6414 MB/s
[   12.616624] raid6: sse2x2   xor()  5010 MB/s
[   12.700644] raid6: sse2x4   gen()  7373 MB/s
[   12.772630] raid6: sse2x4   xor()  5474 MB/s
[   12.781267] raid6: using algorithm sse2x4 gen() 7373 MB/s
[   12.786383] raid6: .... xor() 5474 MB/s, rmw enabled
[   12.818090] raid6: using ssse3x2 recovery algorithm
[   12.827696] xor: measuring software checksum speed
[   12.904643]    prefetch64-sse:  9125.000 MB/sec
[   12.980650]    generic_sse:  8070.000 MB/sec
[   13.014533] xor: using function: prefetch64-sse (9125.000 MB/sec)
[   13.063460] async_tx: api initialized (async)
[   13.085453] md: raid6 personality registered for level 6
[   13.098726] md: raid5 personality registered for level 5
[   13.100412] md: raid4 personality registered for level 4
[   13.328636] md: raid10 personality registered for level 10
done.
Begin: Running /scripts/init-premount ... done.
Begin: Mounting root file system ... Begin: Running /scripts/local-top ... done.
Begin: Running /scripts/local-premount ... [   13.413798] Btrfs loaded
Scanning for Btrfs filesystems
done.
Warning: fsck not present, so skipping root file system
[   13.511342] EXT4-fs (sda1): mounted filesystem with ordered data mode. Opts: (null)
done.
Begin: Running /scripts/local-bottom ... done.
Begin: Running /scripts/init-bottom ... done.
[   13.745408] systemd[1]: systemd 229 running in system mode. (+PAM +AUDIT +SELINUX +IMA +APPARMOR +SMACK +SYSVINIT +UTMP +LIBCRYPTSETUP +GCRYPT +GNUTLS +ACL +XZ -LZ4 +SECCOMP +BLKID +ELFUTILS +KMOD -IDN)
[   13.767184] systemd[1]: Detected virtualization oracle.
[   13.770668] systemd[1]: Detected architecture x86-64.

Welcome to [1mUbuntu 16.04.5 LTS[0m!

[   13.818249] systemd[1]: Set hostname to <ubuntu-xenial>.
[   14.523893] systemd[1]: Reached target User and Group Name Lookups.
[[0;32m  OK  [0m] Reached target User and Group Name Lookups.
[   14.589689] systemd[1]: Listening on udev Control Socket.
[[0;32m  OK  [0m] Listening on udev Control Socket.
[   14.592483] systemd[1]: Listening on Journal Socket (/dev/log).
[[0;32m  OK  [0m] Listening on Journal Socket (/dev/log).
[   14.629333] systemd[1]: Listening on Journal Socket.
[[0;32m  OK  [0m] Listening on Journal Socket.
[   14.653469] systemd[1]: Set up automount Arbitrary Executable File Formats File System Automount Point.
[[0;32m  OK  [0m] Set up automount Arbitrary Executab...ats File System Automount Point.
[   14.693115] systemd[1]: Listening on LVM2 poll daemon socket.
[[0;32m  OK  [0m] Listening on LVM2 poll daemon socket.
[   14.732962] systemd[1]: Reached target Encrypted Volumes.
[[0;32m  OK  [0m] Reached target Encrypted Volumes.
[   14.749460] systemd[1]: Listening on Device-mapper event daemon FIFOs.
[[0;32m  OK  [0m] Listening on Device-mapper event daemon FIFOs.
[   14.771371] systemd[1]: Reached target Swap.
[[0;32m  OK  [0m] Reached target Swap.
[   14.782092] systemd[1]: Reached target System Time Synchronized.
[[0;32m  OK  [0m] Reached target System Time Synchronized.
[   14.796448] systemd[1]: Listening on udev Kernel Socket.
[[0;32m  OK  [0m] Listening on udev Kernel Socket.
[   14.813024] systemd[1]: Listening on Syslog Socket.
[[0;32m  OK  [0m] Listening on Syslog Socket.
[   14.827245] systemd[1]: Listening on LVM2 metadata daemon socket.
[[0;32m  OK  [0m] Listening on LVM2 metadata daemon socket.
[   14.982266] systemd[1]: Created slice User and Session Slice.
[[0;32m  OK  [0m] Created slice User and Session Slice.
[   15.241099] systemd[1]: Listening on /dev/initctl Compatibility Named Pipe.
[[0;32m  OK  [0m] Listening on /dev/initctl Compatibility Named Pipe.
[   15.273881] systemd[1]: Created slice System Slice.
[[0;32m  OK  [0m] Created slice System Slice.
[   15.333020] systemd[1]: Mounting Huge Pages File System...
         Mounting Huge Pages File System...
[   15.393280] systemd[1]: Starting Remount Root and Kernel File Systems...
[   15.401943] EXT4-fs (sda1): re-mounted. Opts: (null)
         Starting Remount Root and Kernel File Systems...
[   15.646855] systemd[1]: Starting Uncomplicated firewall...
         Starting Uncomplicated firewall...
[   15.744312] systemd[1]: Starting Nameserver information manager...
         Starting Nameserver information manager...
[   15.915739] systemd[1]: Mounting Debug File System...
         Mounting Debug File System...
[   15.923770] systemd[1]: Starting Set console keymap...
         Starting Set console keymap...
[   16130]ystemd[1]:Reached taget Slices.
[[0;32m  OK  [0m] Reached target Slices.
[   16.421126] systemd[1]: Mounting POSIX Message Queue File System...
         Mounting POSIX Message Queue File System...
[ 168927] systemd[1]: Created slice system-serial\x2dgetty.slice.
[[0;32m  OK  [0m] Created slice system-serial\x2dgetty.slice.
[   16.763746] random: nonblocking pool is initialized
[   16.784987] systemd[1]: Starting Load Kernel Modules...
         Starting Load Ke[   16.845986] Loading iSCSI transport class v2.0-870.
rnel Modules...
[   16.851620] systemd[1]: Starting Create list of required static device nodes for the current kernel...
         Starting Create list of required st... nodes for the current kernel...
[   16.880196] systemd[1]: Started Forward Password Requests to Wall Directory Watch.
[[0;32m  OK  [0m] Started Forward Password Requests to Wall Directory Watch.
[   16.888041] iscsi: registered transport (tcp)
[   16.889504] systemd[1]: Listening on Journal Audit Socket.
[[0;32m  OK  [0m] Listening on Journal Audit Socket.
[   16.905172] systemd[1]: Starting Monitoring of LVM2 mirrors, snapshots etc. using dmeventd or progress polling...
         Starting Monitoring of LVM2 mirr[   16.967150] iscsi: registered transport (iser)
ors... dmeventd or progress polling...
[   17.053221] systemd[1]: Started Trigger resolvconf update for networkd DNS.
[[0;32m  OK  [0m] Started Trigger resolvconf update for networkd DNS.
[   17.253005] systemd[1]: Starting Journal Service...
         Starting Journal Service...
[   17.330231] systemd[1]: Mounted POSIX Message Queue File System.
[[0;32m  OK  [0m] Mounted POSIX Message Queue File System.
[   17.433216] systemd[1]: Mounted Debug File System.
[[0;32m  OK  [0m] Mounted Debug File System.
[   17.765026] systemd[1]: Mounted Huge Pages File System.
[[0;32m  OK  [0m] Mounted Huge Pages File System.
[   17.813035] systemd[1]: Started Journal Service.
[[0;32m  OK  [0m] Started Journal Service.
[[0;32m  OK  [0m] Started Remount Root and Kernel File Systems.
[[0;32m  OK  [0m] Started Uncomplicated firewall.
[[0;32m  OK  [0m] Started Set console keymap.
[[0;32m  OK  [0m] Started Load Kernel Modules.
[[0;32m  OK  [0m] Started Create list of required sta...ce nodes for the current kernel.
[[0;32m  OK  [0m] Started Nameserver information manager.
[[0;32m  OK  [0m] Started LVM2 metadata daemon.
         Starting Create Static Device Nodes in /dev...
         Starting Apply Kernel Variables...
         Mounting FUSE Control File System...
         Starting Load/Save Random Seed...
         Starting udev Coldplug all Devices...
         Starting Flush Journal to Persistent Storage...
[[0;32m  OK  [0m] Mounted FUSE Control File System.
[[0;32m  OK  [0m] Started Create Static Device Nodes in /dev.
[[0;32m  OK  [0m] Started Apply Kernel Variables.
[[0;32m  OK  [0m] Started Load/Save Random Seed.
[[0;32m  OK  [0m] Started Flush Journal to Persistent Storage.
[[0;32m  OK  [0m] Started udev Coldplug all Devices.
         Starting udev Kernel Device Manager...
[[0;32m  OK  [0m] Started udev Kernel Device Manager.
[[0;32m  OK  [0m] Started Dispatch Password Requests to Console Directory Watch.
[[0;32m  OK  [0m] Started Monitoring of LVM2 mirrors,...ng dmeventd or progress polling.
[[0;32m  OK  [0m] Reached target Local File Systems (Pre).
[[0;32m  OK  [0m] Reached target Local File Systems.
         Starting Initial cloud-init job (pre-networking)...
         Starting Set console font and keymap...
         Starting LSB: AppArmor initialization...
         Starting Create Volatile Files and Directories...
         Starting Tell Plymouth To Write Out Runtime Data...
[[0;32m  OK  [0m] Started Create Volatile Files and Directories.
[[0;32m  OK  [0m] Started Tell Plymouth To Write Out Runtime Data.
[[0;32m  OK  [0m] Found device /dev/ttyS0.
[[0;32m  OK  [0m] Started LSB: AppArmor initialization.
[[0;32m  OK  [0m] Listening on Load/Save RF Kill Switch Status /dev/rfkill Watch.
         Starting Update UTMP about System Boot/Shutdown...
[[0;32m  OK  [0m] Started Update UTMP about System Boot/Shutdown.
[[0;32m  OK  [0m] Found device 82540EM Gigabit Ethern...r (PRO/1000 MT Desktop Adapter).
[   15.978648] cloud-init[456]: Cloud-init v. 18.3-9-g2e62cb8a-0ubuntu1~16.04.2 running 'init-local' at Wed, 26 Sep 2018 09:40:46 +0000. Up 15.50 seconds.
[[0;32m  OK  [0m] Started Initial cloud-init job (pre-networking).
[[0;32m  OK  [0m] Reached target Network (Pre).
         Starting Raise network interfaces...
[[0;32m  OK  [0m] Started ifup for enp0s3.
[[0;32m  OK  [0m] Started Set console font and keymap.
[[0;32m  OK  [0m] Created slice system-getty.slice.
[[0;32m  OK  [0m] Started Raise network interfaces.
[[0;32m  OK  [0m] Reached target Network.
         Starting Initial cloud-init job (metadata service crawler)...
[   17.503389] cloud-init[930]: Cloud-init v. 18.3-9-g2e62cb8a-0ubuntu1~16.04.2 running 'init' at Wed, 26 Sep 2018 09:40:47 +0000. Up 16.89 seconds.
[   17.524745] cloud-init[930]: ci-info: +++++++++++++++++++++++++++++++++++++Net device info++++++++++++++++++++++++++++++++++++++
[   17.534129] cloud-init[930]: ci-info: +--------+------+---------------------------+---------------+--------+-------------------+
[   17.538898] cloud-init[930]: ci-info: | Device |  Up  |          Address          |      Mask     | Scope  |     Hw-Address    |
[   17.544990] cloud-init[930]: ci-info: +--------+------+---------------------------+---------------+--------+-------------------+
[   17.552160] cloud-init[930]: ci-info: | enp0s3 | True |         10.0.2.15         | 255.255.255.0 | global | 02:09:ed:a5:b0:a8 |
[   17.562593] cloud-init[930]: ci-info: | enp0s3 | True | fe80::9:edff:fea5:b0a8/64 |       .       |  link  | 02:09:ed:a5:b0:a8 |
[[0;32m  OK  [0m] Started Initial cloud-init job (metadata service crawler).
[   17.665188] cloud-init[930]: ci-info: |   lo   | True |         127.0.0.1         |   255.0.0.0   |  host  |         .         |
[   17.768800] cloud-init[930]: ci-info: |   lo   | True |          ::1/128          |       .       |  host  |         .         |
[   17.855992] cloud-init[930]: ci-info: +--------+------+---------------------------+---------------+--------+-------------------+
[[0;32m  OK  [0m] Reached target Network is Online.
[   17.867732] cloud-init[930]: ci-info: +++++++++++++++++++++++++++Route IPv4 info++++++++++++++++++++++++++++
[   17.878542] cloud-init[930]: ci-info: +-------+-------------+----------+---------------+-----------+-------+
[   17.886007]          cloud-initStarting iSCSI initiator daemon (iscsid)...[930]: 
ci-info: | Route | Destination | Gateway  |    Genmask    | Interface | Flags |
[   17.893784] [cloud-init[0;32m  OK  [0m[930]: ] ci-info: +-------+-------------+----------+---------------+-----------+-------+Reached target Cloud-config availability.

[[0;32m  OK  [0m] Reached target System Initialization.
[   17.894622] cloud-init[930]: ci-info: |   0   |   0.0.0.0   | 10.0.2.2 |    0.0.0.0    |   enp0s3  |   UG  |
[   18.036804]          cloud-initStarting LXD - unix socket.[930]: 
ci-info: |   1   |   10.0.2.0  | 0.0.0.0  | 255.255.255.0 |   enp0s3  |   U   |
[   18.112290] cloud-init[930]: ci-info: +-------+-------------+----------+---------------+-----------+-------+
[[0;32m  OK  [0m] Started ACPI Events Check.
[   18.113131] [cloud-init[0;32m  OK  [0m[930]: ] ci-info: +++++++++++++++++++Route IPv6 info+++++++++++++++++++Reached target Paths.

[[0;32m  OK  [0m] Started Daily Cleanup of Temporary Directories.
[   18.121464] cloud-init[930]: ci-info: +-------+-------------+---------+-----------+-------+
[   18.226226]          cloud-initStarting Socket activation for snappy daemon.[930]: 
ci-info: | Route | Destination | Gateway | Interface | Flags |
[   18.227127] cloud-init[930]: ci-info: +-------+-------------+---------+-----------+-------+
[   18.282565] [cloud-init[0;32m  OK  [0m[930]: ] ci-info: |   0   |  fe80::/64  |    ::   |   enp0s3  |   U   |Started Daily apt download activities.

[   18.376938] [cloud-init[0;32m  OK  [0m[930]: ] ci-info: |   3   |   ff00::/8  |    ::   |   enp0s3  |   U   |Started Daily apt upgrade and clean activities.

[   18.378669] [cloud-init[0;32m  OK  [0m[930]: ] ci-info: +-------+-------------+---------+-----------+-------+Reached target Timers.

[[0;32m  OK  [0m] Listening on UUID daemon activation socket.
[[0;32m  OK  [0m] Listening on ACPID Listen Socket.
[[0;32m  OK  [0m] Listening on D-Bus System Message Bus Socket.
[[0;32m  OK  [0m] Listening on LXD - unix socket.
[[0;32m  OK  [0m] Listening on Socket activation for snappy daemon.
[[0;32m  OK  [0m] Started iSCSI initiator daemon (iscsid).
         Starting Login to default iSCSI targets...
[[0;32m  OK  [0m] Reached target Sockets.
[[0;32m  OK  [0m] Reached target Basic System.
[[0;32m  OK  [0m] Started FUSE filesystem for LXC.
         Starting LSB: MD monitoring daemon...
[[0;32m  OK  [0m] Started D-Bus System Message Bus.
         Starting OpenBSD Secure Shell server...
         Starting /etc/rc.local Compatibility...
         Starting Login Service...
         Starting LSB: Record successful boot for GRUB...
[[0;32m  OK  [0m] Started ACPI event daemon.
         Starting Accounts Service...
         Starting Virtualbox guest utils...
[[0;32m  OK  [0m] Started Unattended Upgrades Shutdown.
         Starting MySQL Community Server...
         Starting Snappy daemon...
[[0;32m  OK  [0m] Started Deferred execution scheduler.
         Starting System Logging Service...
[[0;32m  OK  [0m] Started Regular background program processing daemon.
         Starting LXD - container startup/shutdown...
[[0;32m  OK  [0m] Started OpenBSD Secure Shell server.
[[0;32m  OK  [0m] Started System Logging Service.
[[0;32m  OK  [0m] Started /etc/rc.local Compatibility.
[[0;32m  OK  [0m] Started LSB: Record successful boot for GRUB.
[[0;32m  OK  [0m] Started LSB: MD monitoring daemon.
[[0;32m  OK  [0m] Started Login to default iSCSI targets.
[[0;32m  OK  [0m] Started Virtualbox guest utils.
[[0;32m  OK  [0m] Started LXD - container startup/shutdown.
[[0;32m  OK  [0m] Started Snappy daemon.
[[0;32m  OK  [0m] Started Login Service.
         Starting Authenticate and Authorize Users to Run Privileged Tasks...
         Starting Wait until snapd is fully seeded...
[[0;32m  OK  [0m] Reached target Remote File Systems (Pre).
[[0;32m  OK  [0m] Reached target Remote File Systems.
         Starting Permit User Sessions...
         Starting LSB: automatic crash report generation...
         Starting LSB: daemon to balance interrupts for SMP systems...
         Starting LSB: Set the CPU Frequency Scaling governor to "ondemand"...
         Starting LSB: Apache2 web server...
[[0;32m  OK  [0m] Started Wait until snapd is fully seeded.
[[0;32m  OK  [0m] Started Permit User Sessions.
[[0;32m  OK  [0m] Started Authenticate and Authorize Users to Run Privileged Tasks.
[[0;32m  OK  [0m] Started Accounts Service.
         Starting Terminate Plymouth Boot Screen...
         Starting Hold until boot process finishes up...
         Starting Apply the settings specified in cloud-config...
[[0;32m  OK  [0m] Started LSB: automatic crash report generation.
[[0;32m  OK  [0m] Started LSB: daemon to balance interrupts for SMP systems.
[[0;32m  OK  [0m] Started MySQL Community Server.
[[0;32m  OK  [0m] Started Terminate Plymouth Boot Screen.
[[0;32m  OK  [0m] Started Hold until boot process finishes up.
[[0;32m  OK  [0m] Started LSB: Set the CPU Frequency Scaling governor to "ondemand".
[[0;32m  OK  [0m] Started Getty on tty1.
[[0;32m  OK  [0m] Started Serial Getty on ttyS0.
[[0;32m  OK  [0m] Reached target Login Prompts.
         Starting Set console scheme...
[[0;32m  OK  [0m] Started Set console scheme.
[   21.384137] cloud-init[1206]: Cloud-init v. 18.3-9-g2e62cb8a-0ubuntu1~16.04.2 running 'modules:config' at Wed, 26 Sep 2018 09:40:51 +0000. Up 21.16 seconds.
[[0;32m  OK  [0m] Started Apply the settings specified in cloud-config.
[[0;32m  OK  [0m] Started LSB: Apache2 web server.
[[0;32m  OK  [0m] Reached target Multi-User System.
[[0;32m  OK  [0m] Reached target Graphical Interface.
         Starting Execute cloud user/final scripts...
         Starting Update UTMP about System Runlevel Changes...
[[0;32m  OK  [0m] Started Update UTMP about System Runlevel Changes.
[   22.645302] cloud-init[1250]: Cloud-init v. 18.3-9-g2e62cb8a-0ubuntu1~16.04.2 running 'modules:final' at Wed, 26 Sep 2018 09:40:53 +0000. Up 22.42 seconds.
[[0;32m  OK  [0m] Started Execute cloud user/final scripts.
[   22.748627] cloud-init[1250]: Cloud-init v. 18.3-9-g2e62cb8a-0ubuntu1~16.04.2 finished at Wed, 26 Sep 2018 09:40:53 +0000. Datasource DataSourceNoCloud [seed=/dev/sdb][dsmode=net].  Up 22.63 seconds
[[0;32m  OK  [0m] Reached target Cloud-init target.

Ubuntu 16.04.5 LTS ubuntu-xenial ttyS0

ubuntu-xenial login: [[0;32m  OK  [0m] Stopped targ         Stopping System Logging Service...
         Stopping Deferred execution scheduler...
         Stopping OpenBSD Secure Shell server...
         Stopping LSB: Set the CPU Frequency Scaling governor to "ondemand"...
         Stopping LSB: MD monitoring daemon...
         Stopping LSB: Record successful boot for GRUB...
         Stopping Virtualbox guest utils...
         Stopping LSB: automatic crash report generation...
         Stopping LSB: daemon to balance interrupts for SMP systems...
[[0;32m  OK  [0m] Stopped Wait until snapd is fully seeded.
         Stopping Snappy daemon...
         Stopping Accounts Service...
         Stopping Authenticate and Authorize Users to Run Privileged Tasks...
         Stopping LSB: Apache2 web server...
[[0;32m  OK  [0m] Stopped Daily Cleanup of TemporaryyDirectories.
         Stopping Session 4 of user vagrant.
         Stopping ACPI event daemon...
         Stopping Getty on tty1...
[[0;32m  OK  [0m] Unmounted /var/lib/lxcfs.
[[0;32m  OK  [0m] Stopped OpenBSD Secure Shell server.
[[0;32m  OK  [0m] Stopped ACPI event daemon.
[[0;32m  OK  [0m] Stopped Accounts Service.
[[0;32m  OK  [0m] Stopped Snappy daemon.
[[0;32m  OK  [0m] Stopped Deferred execution scheduler.
[[0;32m  OK  [0m] Stopped System Logging Service.
[[0;32m  OK  [0m] Stopped Regular background program processing daemon.
[[0;32m  OK  [0m] Stopped Authenticate and Authorize Users to Run Privileged Tasks.
[[0;32m  OK  [0m] Stopped Getty on tty1.
[[0;32m  OK  [0m] Stopped Serial Getty on ttyS0.
[[0;32m  OK  [0m] Stopped User Manager for UID 1000.
[[0;32m  OK  [0m] Stopped D-Bus System Message Bus.
[[0;32m  OK  [0m] Stopped Unattended Upgrades Shutdown.
[[0;32m  OK  [0m] Stopped Session 4 of user vagrant.
[[0;32m  OK  [0m] Stopped FUSE filesystem for LXC.
[[0;32m  OK  [0m] Stopped LXD - container startup/shutdown.
[[0;32m  OK  [0m] Stopped LSB: Set the CPU Frequency Scaling governor to "ondemand".
[[0;32m  OK  [0m] Stopped LSB: MD monitoring daemon.
[[0;32m  OK  [0m] Stopped LSB: Record successful boot for GRUB.
[[0;32m  OK  [0m] Stopped LSB: automatic crash report generation.
[[0;32m  OK  [0m] Stopped LSB: daemon to balance interrupts for SMP systems.
[[0;32m  OK  [0m] Stopped Virtualbox guest utils.
[[0;32m  OK  [0m] Removed slice User Slice of vagrant.
         Stopping Login Service...
[[0;32m  OK  [0m] Removed slice system-serial\x2dgetty.slice.
         Stopping Permit User Sessions...
[[0;32m  OK  [0m] Removed slice system-getty.slice.
[[0;32m  OK  [0m] Stopped /etc/rc.local Compatibility.
[[0;32m  OK  [0m] Stopped Permit User Sessions.
[[0;32m  OK  [0m] Stopped Login Service.
[[0;32m  OK  [0m] Stopped target User and Group Name Lookups.
[[0;32m  OK  [0m] Stopped MySQL Community Server.
[[0;32m  OK  [0m] Stopped LSB: Apache2 web server.
[[0;32m  OK  [0m] Stopped target Basic System.
[[0;32m  OK  [0m] Stopped target Sockets.
[[0;32m  OK  [0m] Closed ACPID Listen Socket.
[[0;32m  OK  [0m] Closed Syslog Socket.
[[0;32m  OK  [0m] Closed UUID daemon activation socket.
[[0;32m  OK  [0m] Closed Socket activation for snappy daemon.
[[0;32m  OK  [0m] Closed D-Bus System Message Bus Socket.
[[0;32m  OK  [0m] Closed LXD - unix socket.
[[0;32m  OK  [0m] Stopped target Slices.
[[0;32m  OK  [0m] Removed slice User and Session Slice.
[[0;32m  OK  [0m] Stopped target Paths.
[[0;32m  OK  [0m] Stopped Dispatch Password Requests to Console Directory Watch.
[[0;32m  OK  [0m] Stopped ACPI Events Check.
[[0;32m  OK  [0m] Stopped target System Initialization.
         Stopping Update UTMP about System Boot/Shutdown...
         Stopping Load/Save Random Seed...
[[0;32m  OK  [0m] Stopped target Swap.
[[0;32m  OK  [0m] Stopped target Encrypted Volumes.
[[0;32m  OK  [0m] Stopped Forward Password Requests to Wall Directory Watch.
[[0;32m  OK  [0m] Stopped target Remote File Systems.
[[0;32m  OK  [0m] Stopped target Remote File Systems (Pre).
         Stopping Login to default iSCSI targets...
[[0;32m  OK  [0m] Stopped Load/Save Random Seed.
[[0;32m  OK  [0m] Stopped Update UTMP about System Boot/Shutdown.
[[0;32m  OK  [0m] Stopped Login to default iSCSI targets.
         Stopping iSCSI initiator daemon (iscsid)...
[[0;32m  OK  [0m] Stopped Create Volatile Files and Directories.
[[0;32m  OK  [0m] Stopped iSCSI initiator daemon (iscsid).
[[0;32m  OK  [0m] Stopped target Network is Online.
[[0;32m  OK  [0m] Stopped Initial cloud-init job (metadata service crawler).
[[0;32m  OK  [0m] Stopped target Network.
         Stopping Raise network interfaces...
[[0;32m  OK  [0m] Stopped Raise network interfaces.
[[0;32m  OK  [0m] Stopped Apply Kernel Variables.
[[0;32m  OK  [0m] Stopped Load Kernel Modules.
[[0;32m  OK  [0m] Stopped target Network (Pre).
[[0;32m  OK  [0m] Stopped Initial cloud-init job (pre-networking).
[[0;32m  OK  [0m] Stopped target Local File Systems.
         Unmounting /var/www/html...
         Unmounting /run/user/1000...
         Unmounting /vagrant...
         Unmounting /compartido_vagrant...
[[0;32m  OK  [0m] Unmounted /var/www/html.
[[0;32m  OK  [0m] Unmounted /run/user/1000.
[[0;32m  OK  [0m] Unmounted /vagrant.
[[0;32m  OK  [0m] Unmounted /compartido_vagrant.
[[0;32m  OK  [0m] Reached target Unmount All Filesystems.
[[0;32m  OK  [0m] Stopped target Local File Systems (Pre).
         Stopping Monitoring of LVM2 mirrors... dmeventd or progress polling...
[[0;32m  OK  [0m] Stopped Remount Root and Kernel File Systems.
[[0;32m  OK  [0m] Stopped Create Static Device Nodes in /dev.
[[0;32m  OK  [0m] Reached target Shutdown.
[ 1848.762221] reboot: Power down